1600193857101	mozrunner::runner	INFO	Running command: "C:\\Program Files (x86)\\Mozilla Firefox\\firefox.exe" "-marionette" "-foreground" "-no-remote" "-profile" "C:\\Users\\pc\\AppData\\Local\\Temp\\rust_mozprofileZwRynT"
JavaScript error: resource://gre/modules/XULStore.jsm, line 66: Error: Can't find profile directory.
1600193859635	Marionette	INFO	Listening on port 49844
1600193859856	Marionette	WARN	TLS certificate errors will be ignored for this session
1600193865662	Marionette	INFO	Stopped listening on port 49844

###!!! [Child][MessageChannel::SendAndWait] Error: Channel error: cannot send/recv

1600194097486	mozrunner::runner	INFO	Running command: "C:\\Program Files (x86)\\Mozilla Firefox\\firefox.exe" "-marionette" "-foreground" "-no-remote" "-profile" "C:\\Users\\pc\\AppData\\Local\\Temp\\rust_mozprofilef9s4ZN"
JavaScript error: resource://gre/modules/XULStore.jsm, line 66: Error: Can't find profile directory.
1600194099943	Marionette	INFO	Listening on port 49934
1600194100380	Marionette	WARN	TLS certificate errors will be ignored for this session
1600194103206	Marionette	INFO	Stopped listening on port 49934

###!!! [Child][RunMessage] Error: Channel closing: too late to send/recv, messages will be lost


###!!! [Child][MessageChannel::SendAndWait] Error: Channel error: cannot send/recv

1600194117165	mozrunner::runner	INFO	Running command: "C:\\Program Files (x86)\\Mozilla Firefox\\firefox.exe" "-marionette" "-foreground" "-no-remote" "-profile" "C:\\Users\\pc\\AppData\\Local\\Temp\\rust_mozprofileASpXHR"
JavaScript error: resource://gre/modules/XULStore.jsm, line 66: Error: Can't find profile directory.
1600194119641	Marionette	INFO	Listening on port 49999
1600194120198	Marionette	WARN	TLS certificate errors will be ignored for this session
1600194125983	Marionette	INFO	Stopped listening on port 49999

###!!! [Child][MessageChannel] Error: (msgtype=0x5A000D,name=PHttpChannel::Msg_DeletingChannel) Channel closing: too late to send/recv, messages will be lost


###!!! [Child][RunMessage] Error: Channel closing: too late to send/recv, messages will be lost


###!!! [Child][MessageChannel::SendAndWait] Error: Channel error: cannot send/recv

1600194465387	mozrunner::runner	INFO	Running command: "C:\\Program Files (x86)\\Mozilla Firefox\\firefox.exe" "-marionette" "-foreground" "-no-remote" "-profile" "C:\\Users\\pc\\AppData\\Local\\Temp\\rust_mozprofilejz6Q1t"
JavaScript error: resource://gre/modules/XULStore.jsm, line 66: Error: Can't find profile directory.
1600194467987	Marionette	INFO	Listening on port 50117
1600194468078	Marionette	WARN	TLS certificate errors will be ignored for this session
1600196553461	Marionette	INFO	Stopped listening on port 50117

###!!! [Child][RunMessage] Error: Channel closing: too late to send/recv, messages will be lost


###!!! [Child][MessageChannel::SendAndWait] Error: Channel error: cannot send/recv

gre/modules/XULStore.jsm, line 66: Error: Can't find profile directory.
1600195219879	Marionette	INFO	Listening on port 50269
1600195219983	Marionette	WARN	TLS certificate errors will be ignored for this session

###!!! [Child][RunMessage] Error: Channel closing: too late to send/recv, messages will be lost

1600196552566	Marionette	INFO	Stopped listening on port 50269

###!!! [Child][RunMessage] Error: Channel closing: too late to send/recv, messages will be lost


###!!! [Child][MessageChannel::SendAndWait] Error: Channel error: cannot send/recv

O	Listening on port 50326
1600195271281	Marionette	WARN	TLS certificate errors will be ignored for this session
1600196553516	Marionette	INFO	Stopped listening on port 50326

###!!! [Child][MessageChannel::SendAndWait] Error: Channel error: cannot send/recv

"-profile" "C:\\Users\\pc\\AppData\\Local\\Temp\\rust_mozprofileOMJOgi"
JavaScript error: resource://gre/modules/XULStore.jsm, line 66: Error: Can't find profile directory.
1600195352419	Marionette	INFO	Listening on port 50386
1600195352854	Marionette	WARN	TLS certificate errors will be ignored for this session

###!!! [Child][RunMessage] Error: Channel closing: too late to send/recv, messages will be lost

1600196552569	Marionette	INFO	Stopped listening on port 50386

###!!! [Child][MessageChannel::SendAndWait] Error: Channel error: cannot send/recv

gre/modules/XULStore.jsm, line 66: Error: Can't find profile directory.
1600195383116	Marionette	INFO	Listening on port 50436
1600195383154	Marionette	WARN	TLS certificate errors will be ignored for this session
[GFX1-]: Present1 failed: 0x887a0001
1600196553455	Marionette	INFO	Stopped listening on port 50436

###!!! [Child][RunMessage] Error: Channel closing: too late to send/recv, messages will be lost


###!!! [Child][MessageChannel::SendAndWait] Error: Channel error: cannot send/recv

gre/modules/XULStore.jsm, line 66: Error: Can't find profile directory.
1600195457572	Marionette	INFO	Listening on port 50504
1600195457697	Marionette	WARN	TLS certificate errors will be ignored for this session
1600195476722	Marionette	INFO	Stopped listening on port 50504

###!!! [Child][MessageChannel::SendAndWait] Error: Channel error: cannot send/recv

1600195537431	mozrunner::runner	INFO	Running command: "C:\\Program Files (x86)\\Mozilla Firefox\\firefox.exe" "-marionette" "-foreground" "-no-remote" "-profile" "C:\\Users\\pc\\AppData\\Local\\Temp\\rust_mozprofileRsY2m5"
JavaScript error: resource://gre/modules/XULStore.jsm, line 66: Error: Can't find profile directory.
1600195540162	Marionette	INFO	Listening on port 50562
1600195540378	Marionette	WARN	TLS certificate errors will be ignored for this session

###!!! [Child][MessageChannel] Error: (msgtype=0x5A000D,name=PHttpChannel::Msg_DeletingChannel) Channel closing: too late to send/recv, messages will be lost

1600195545167	Marionette	INFO	Stopped listening on port 50562

###!!! [Child][MessageChannel::SendAndWait] Error: Channel error: cannot send/recv

1600195996960	mozrunner::runner	INFO	Running command: "C:\\Program Files (x86)\\Mozilla Firefox\\firefox.exe" "-marionette" "-foreground" "-no-remote" "-profile" "C:\\Users\\pc\\AppData\\Local\\Temp\\rust_mozprofilez7n0uH"
JavaScript error: resource://gre/modules/XULStore.jsm, line 66: Error: Can't find profile directory.
1600195999824	Marionette	INFO	Listening on port 50712
1600195999978	Marionette	WARN	TLS certificate errors will be ignored for this session
console.warn: LoginRecipes: "getRecipes: falling back to a synchronous message for:" "https://www.instagram.com"
console.error: "Store does not have a valid reducer. Make sure the argument passed to combineReducers is an object whose values are reducers."
SourceActor threw an exception: [Exception... "Component returned failure code: 0x80470002 (NS_BASE_STREAM_CLOSED) [nsIInputStream.available]"  nsresult: "0x80470002 (NS_BASE_STREAM_CLOSED)"  location: "JS frame :: resource://devtools/shared/DevToolsUtils.js :: onResponse :: line 558"  data: no]
Stack: onResponse@resource://devtools/shared/DevToolsUtils.js:558:34
onStopRequest@resource://gre/modules/NetUtil.jsm:128:18
Line: 558, column: 0
console.error: ({})
JavaScript error: resource://devtools/shared/DevToolsUtils.js, line 558: NS_BASE_STREAM_CLOSED: Component returned failure code: 0x80470002 (NS_BASE_STREAM_CLOSED) [nsIInputStream.available]
console.warn: LoginRecipes: "getRecipes: falling back to a synchronous message for:" "https://www.instagram.com"
1600196552606	Marionette	INFO	Stopped listening on port 50712

###!!! [Child][MessageChannel::SendAndWait] Error: Channel error: cannot send/recv

"-profile" "C:\\Users\\pc\\AppData\\Local\\Temp\\rust_mozprofileMFGzC3"
JavaScript error: resource://gre/modules/XULStore.jsm, line 66: Error: Can't find profile directory.
1600196145805	Marionette	INFO	Listening on port 50775
1600196145879	Marionette	WARN	TLS certificate errors will be ignored for this session
1600196552876	Marionette	INFO	Stopped listening on port 50775

###!!! [Child][MessageChannel::SendAndWait] Error: Channel error: cannot send/recv

[GFX1-]: Receive IPC close with reason=AbnormalShutdown
[Child 20612, Chrome_ChildThread] WARNING: pipe error: 232: file /builds/worker/checkouts/gecko/ipc/chromium/src/chrome/common/ipc_channel_win.cc, line 522
(msgtype=0x3900C2,name=PContent::Msg_ScriptErrorWithStack) Channel closing: too late to send/recv, messages will be lost


###!!! [Child][MessageChannel] Error: (msgtype=0x3900C2,name=PContent::Msg_ScriptErrorWithStack) Channel closing: too late to send/recv, messages will be lost


###!!! [Child][MessageChannel] Error: (msgtype=0x3900C2,name=PContent::Msg_ScriptErrorWithStack) Channel closing: too late to send/recv, messages will be lost


###!!! [Child][MessageChannel] Error: (msgtype=0x3900C2,name=PContent::Msg_ScriptErrorWithStack) Channel closing: too late to send/recv, messages will be lost

1600196269697	Marionette	INFO	Listening on port 50852
1600196269954	Marionette	WARN	TLS certificate errors will be ignored for this session
1600196553543	Marionette	INFO	Stopped listening on port 50852

###!!! [Child][MessageChannel::SendAndWait] Error: Channel error: cannot send/recv

"-profile" "C:\\Users\\pc\\AppData\\Local\\Temp\\rust_mozprofiledbzeaW"
JavaScript error: resource://gre/modules/XULStore.jsm, line 66: Error: Can't find profile directory.
1600196320885	Marionette	INFO	Listening on port 50921
1600196320899	Marionette	WARN	TLS certificate errors will be ignored for this session

###!!! [Child][RunMessage] Error: Channel closing: too late to send/recv, messages will be lost

1600196553407	Marionette	INFO	Stopped listening on port 50921

###!!! [Child][RunMessage] Error: Channel closing: too late to send/recv, messages will be lost


###!!! [Child][MessageChannel::SendAndWait] Error: Channel error: cannot send/recv

O	Listening on port 50978
1600196399302	Marionette	WARN	TLS certificate errors will be ignored for this session
console.info: "Skipping device list refresh; not signed in"
[GFX1-]: Present1 failed: 0x887a0001
1600196552582	Marionette	INFO	Stopped listening on port 50978

###!!! [Child][RunMessage] Error: Channel closing: too late to send/recv, messages will be lost


###!!! [Child][MessageChannel::SendAndWait] Error: Channel error: cannot send/recv

gre/modules/XULStore.jsm, line 66: Error: Can't find profile directory.
1600196470846	Marionette	INFO	Listening on port 51033
1600196470878	Marionette	WARN	TLS certificate errors will be ignored for this session

###!!! [Child][RunMessage] Error: Channel closing: too late to send/recv, messages will be lost

1600196476377	Marionette	INFO	Stopped listening on port 51033

###!!! [Child][MessageChannel::SendAndWait] Error: Channel error: cannot send/recv

1600196524409	mozrunner::runner	INFO	Running command: "C:\\Program Files (x86)\\Mozilla Firefox\\firefox.exe" "-marionette" "-foreground" "-no-remote" "-profile" "C:\\Users\\pc\\AppData\\Local\\Temp\\rust_mozprofileWHy5nm"
JavaScript error: resource://gre/modules/XULStore.jsm, line 66: Error: Can't find profile directory.

###!!! [Child][MessageChannel] Error: (msgtype=0x3900C2,name=PContent::Msg_ScriptErrorWithStack) Channel closing: too late to send/recv, messages will be lost

1600196527484	Marionette	INFO	Listening on port 51088
1600196527578	Marionette	WARN	TLS certificate errors will be ignored for this session

###!!! [Child][MessageChannel] Error: (msgtype=0x5A000D,name=PHttpChannel::Msg_DeletingChannel) Channel closing: too late to send/recv, messages will be lost

1600196534161	Marionette	INFO	Stopped listening on port 51088

###!!! [Child][RunMessage] Error: Channel closing: too late to send/recv, messages will be lost


###!!! [Child][MessageChannel::SendAndWait] Error: Channel error: cannot send/recv

1600196571900	mozrunner::runner	INFO	Running command: "C:\\Program Files (x86)\\Mozilla Firefox\\firefox.exe" "-marionette" "-foreground" "-no-remote" "-profile" "C:\\Users\\pc\\AppData\\Local\\Temp\\rust_mozprofileSMgkJJ"
JavaScript error: resource://gre/modules/XULStore.jsm, line 66: Error: Can't find profile directory.
1600196574370	Marionette	INFO	Listening on port 51138
1600196574398	Marionette	WARN	TLS certificate errors will be ignored for this session
1600204710764	Marionette	INFO	Stopped listening on port 51138

###!!! [Child][MessageChannel::SendAndWait] Error: Channel error: cannot send/recv

"-profile" "C:\\Users\\pc\\AppData\\Local\\Temp\\rust_mozprofile8ZG9BZ"
JavaScript error: resource://gre/modules/XULStore.jsm, line 66: Error: Can't find profile directory.
1600196610245	Marionette	INFO	Listening on port 51191
1600196610701	Marionette	WARN	TLS certificate errors will be ignored for this session
[Child 11736, Chrome_ChildThread] WARNING: pipe error: 232: file /builds/worker/checkouts/gecko/ipc/chromium/src/chrome/common/ipc_channel_win.cc, line 522
1600204709999	Marionette	INFO	Stopped listening on port 51191

###!!! [Child][MessageChannel::SendAndWait] Error: Channel error: cannot send/recv

file directory.
1600196721094	Marionette	INFO	Listening on port 51252
1600196721297	Marionette	WARN	TLS certificate errors will be ignored for this session
1600204709180	Marionette	INFO	Stopped listening on port 51252

###!!! [Child][MessageChannel::SendAndWait] Error: Channel error: cannot send/recv

